<?xml version="1.0" encoding="UTF-8"?>
<testsuite name="petstore.api.StoreApiTest" tests="7" skipped="0" failures="0" errors="0" timestamp="2021-09-02T18:03:04" hostname="MSI" time="14.144">
  <properties/>
  <testcase name="shouldSee200AfterPlaceOrder" classname="petstore.api.StoreApiTest" time="2.256"/>
  <testcase name="shouldSee200AfterGetInventory" classname="petstore.api.StoreApiTest" time="1.213"/>
  <testcase name="shouldSee404AfterDeleteOrder" classname="petstore.api.StoreApiTest" time="0.835"/>
  <testcase name="shouldSee200AfterDeleteOrder" classname="petstore.api.StoreApiTest" time="6.606"/>
  <testcase name="shouldSee404AfterGetOrderById" classname="petstore.api.StoreApiTest" time="0.81"/>
  <testcase name="shouldSee405AfterDeleteOrder" classname="petstore.api.StoreApiTest" time="0.812"/>
  <testcase name="shouldSee200AfterGetOrderById" classname="petstore.api.StoreApiTest" time="1.611"/>
  <system-out><![CDATA[Request method:	POST
Request URI:	https://petstore.swagger.io/v2/store/order
Proxy:			<none>
Request params:	<none>
Query params:	<none>
Form params:	<none>
Path params:	<none>
Headers:		Accept=application/json
				Content-Type=application/json
Cookies:		<none>
Multiparts:		<none>
Body:
{
    "id": 1795639868188326450,
    "petId": 2231165646452253411,
    "quantity": 0,
    "shipDate": "2021-07-22T18:21:10.129Z",
    "status": "approved",
    "complete": true
}
HTTP/1.1 200 OK
Date: Thu, 02 Sep 2021 18:03:07 GMT
Content-Type: application/json
Transfer-Encoding: chunked
Connection: keep-alive
Access-Control-Allow-Origin: *
Access-Control-Allow-Methods: GET, POST, DELETE, PUT
Access-Control-Allow-Headers: Content-Type, api_key, Authorization
Server: Jetty(9.2.9.v20150224)

{
    "id": 1795639868188326450,
    "petId": 2231165646452253411,
    "quantity": 0,
    "shipDate": "2021-07-22T18:21:10.129+0000",
    "status": "approved",
    "complete": true
}
Request method:	GET
Request URI:	https://petstore.swagger.io/v2/store/inventory
Proxy:			<none>
Request params:	<none>
Query params:	<none>
Form params:	<none>
Path params:	<none>
Headers:		Accept=application/json
Cookies:		<none>
Multiparts:		<none>
Body:			<none>
HTTP/1.1 200 OK
Date: Thu, 02 Sep 2021 18:03:08 GMT
Content-Type: application/json
Transfer-Encoding: chunked
Connection: keep-alive
Access-Control-Allow-Origin: *
Access-Control-Allow-Methods: GET, POST, DELETE, PUT
Access-Control-Allow-Headers: Content-Type, api_key, Authorization
Server: Jetty(9.2.9.v20150224)

{
    "Sale": 1,
    "officia mollit dolore dolor ut": 1,
    "sold": 11,
    "string": 207,
    "pending": 5,
    "available": 687,
    "SOLD": 1,
    "200": 7,
    "Sold": 1,
    "5": 1,
    "{{status}}": 1,
    "invalid": 1,
    "not available": 1,
    "atHome": 1,
    "Available": 7,
    "avaiable": 2,
    "ok": 6,
    "OK": 1
}
Request method:	DELETE
Request URI:	https://petstore.swagger.io/v2/store/order/-1014302100205561968
Proxy:			<none>
Request params:	<none>
Query params:	<none>
Form params:	<none>
Path params:	orderId=-1014302100205561968
Headers:		Accept=application/json
Cookies:		<none>
Multiparts:		<none>
Body:			<none>
HTTP/1.1 404 Not Found
Date: Thu, 02 Sep 2021 18:03:10 GMT
Content-Type: application/json
Transfer-Encoding: chunked
Connection: keep-alive
Access-Control-Allow-Origin: *
Access-Control-Allow-Methods: GET, POST, DELETE, PUT
Access-Control-Allow-Headers: Content-Type, api_key, Authorization
Server: Jetty(9.2.9.v20150224)

{
    "code": 404,
    "type": "unknown",
    "message": "Order Not Found"
}
HTTP/1.1 404 Not Found
Date: Thu, 02 Sep 2021 18:03:10 GMT
Content-Type: application/json
Transfer-Encoding: chunked
Connection: keep-alive
Access-Control-Allow-Origin: *
Access-Control-Allow-Methods: GET, POST, DELETE, PUT
Access-Control-Allow-Headers: Content-Type, api_key, Authorization
Server: Jetty(9.2.9.v20150224)

{
    "code": 404,
    "type": "unknown",
    "message": "Order Not Found"
}
Request method:	POST
Request URI:	https://petstore.swagger.io/v2/store/order
Proxy:			<none>
Request params:	<none>
Query params:	<none>
Form params:	<none>
Path params:	<none>
Headers:		Accept=application/json
				Content-Type=application/json
Cookies:		<none>
Multiparts:		<none>
Body:
{
    "id": 6495654803368292373,
    "petId": -9202338360997609453,
    "quantity": 0,
    "shipDate": "2021-07-22T18:21:10.129Z",
    "status": "approved",
    "complete": true
}
Request method:	DELETE
Request URI:	https://petstore.swagger.io/v2/store/order/6495654803368292373
Proxy:			<none>
Request params:	<none>
Query params:	<none>
Form params:	<none>
Path params:	orderId=6495654803368292373
Headers:		Accept=application/json
				Content-Type=application/json
Cookies:		<none>
Multiparts:		<none>
Body:
{
    "id": 6495654803368292373,
    "petId": -9202338360997609453,
    "quantity": 0,
    "shipDate": "2021-07-22T18:21:10.129Z",
    "status": "approved",
    "complete": true
}
HTTP/1.1 200 OK
Date: Thu, 02 Sep 2021 18:03:16 GMT
Content-Type: application/json
Transfer-Encoding: chunked
Connection: keep-alive
Access-Control-Allow-Origin: *
Access-Control-Allow-Methods: GET, POST, DELETE, PUT
Access-Control-Allow-Headers: Content-Type, api_key, Authorization
Server: Jetty(9.2.9.v20150224)

{
    "code": 200,
    "type": "unknown",
    "message": "6495654803368292373"
}
Request method:	GET
Request URI:	https://petstore.swagger.io/v2/store/order/4431422001639499969
Proxy:			<none>
Request params:	<none>
Query params:	<none>
Form params:	<none>
Path params:	orderId=4431422001639499969
Headers:		Accept=application/json
Cookies:		<none>
Multiparts:		<none>
Body:			<none>
HTTP/1.1 404 Not Found
Date: Thu, 02 Sep 2021 18:03:17 GMT
Content-Type: application/json
Transfer-Encoding: chunked
Connection: keep-alive
Access-Control-Allow-Origin: *
Access-Control-Allow-Methods: GET, POST, DELETE, PUT
Access-Control-Allow-Headers: Content-Type, api_key, Authorization
Server: Jetty(9.2.9.v20150224)

{
    "code": 1,
    "type": "error",
    "message": "Order not found"
}
HTTP/1.1 404 Not Found
Date: Thu, 02 Sep 2021 18:03:17 GMT
Content-Type: application/json
Transfer-Encoding: chunked
Connection: keep-alive
Access-Control-Allow-Origin: *
Access-Control-Allow-Methods: GET, POST, DELETE, PUT
Access-Control-Allow-Headers: Content-Type, api_key, Authorization
Server: Jetty(9.2.9.v20150224)

{
    "code": 1,
    "type": "error",
    "message": "Order not found"
}
Request method:	DELETE
Request URI:	https://petstore.swagger.io/v2/store/order/
Proxy:			<none>
Request params:	<none>
Query params:	<none>
Form params:	<none>
Path params:	orderId=
Headers:		Accept=application/json
Cookies:		<none>
Multiparts:		<none>
Body:			<none>
HTTP/1.1 405 Method Not Allowed
Date: Thu, 02 Sep 2021 18:03:18 GMT
Content-Type: application/json
Transfer-Encoding: chunked
Connection: keep-alive
Access-Control-Allow-Origin: *
Access-Control-Allow-Methods: GET, POST, DELETE, PUT
Access-Control-Allow-Headers: Content-Type, api_key, Authorization
Server: Jetty(9.2.9.v20150224)

{
    "code": 405,
    "type": "unknown"
}
HTTP/1.1 405 Method Not Allowed
Date: Thu, 02 Sep 2021 18:03:18 GMT
Content-Type: application/json
Transfer-Encoding: chunked
Connection: keep-alive
Access-Control-Allow-Origin: *
Access-Control-Allow-Methods: GET, POST, DELETE, PUT
Access-Control-Allow-Headers: Content-Type, api_key, Authorization
Server: Jetty(9.2.9.v20150224)

{
    "code": 405,
    "type": "unknown"
}
Request method:	POST
Request URI:	https://petstore.swagger.io/v2/store/order
Proxy:			<none>
Request params:	<none>
Query params:	<none>
Form params:	<none>
Path params:	<none>
Headers:		Accept=application/json
				Content-Type=application/json
Cookies:		<none>
Multiparts:		<none>
Body:
{
    "id": 859662565057208129,
    "petId": 2117082795855025124,
    "quantity": 0,
    "shipDate": "2021-07-22T18:21:10.129Z",
    "status": "approved",
    "complete": true
}
Request method:	GET
Request URI:	https://petstore.swagger.io/v2/store/order/859662565057208129
Proxy:			<none>
Request params:	<none>
Query params:	<none>
Form params:	<none>
Path params:	orderId=859662565057208129
Headers:		Accept=application/json
				Content-Type=application/json
Cookies:		<none>
Multiparts:		<none>
Body:
{
    "id": 859662565057208129,
    "petId": 2117082795855025124,
    "quantity": 0,
    "shipDate": "2021-07-22T18:21:10.129Z",
    "status": "approved",
    "complete": true
}
HTTP/1.1 200 OK
Date: Thu, 02 Sep 2021 18:03:19 GMT
Content-Type: application/json
Transfer-Encoding: chunked
Connection: close
Access-Control-Allow-Origin: *
Access-Control-Allow-Methods: GET, POST, DELETE, PUT
Access-Control-Allow-Headers: Content-Type, api_key, Authorization
Server: Jetty(9.2.9.v20150224)

{
    "id": 859662565057208129,
    "petId": 2117082795855025124,
    "quantity": 0,
    "shipDate": "2021-07-22T18:21:10.129+0000",
    "status": "approved",
    "complete": true
}
]]></system-out>
  <system-err><![CDATA[]]></system-err>
</testsuite>
